# Logfile created on Fri Mar 26 09:42:56 -0400 2010

Processing SiteController#show_page (for 127.0.0.1 at 2010-03-26 09:44:13) [GET]
  Parameters: {"url"=>"/", "action"=>"show_page", "controller"=>"site"}
Completed in 567ms (DB: 12) | 200 [http://di.local/]


Processing SiteController#show_page (for 127.0.0.1 at 2010-03-26 09:44:14) [GET]
  Parameters: {"url"=>["styles.css"], "action"=>"show_page", "controller"=>"site"}
Completed in 41ms (DB: 4) | 200 [http://di.local/styles.css]


Processing SiteController#show_page (for 127.0.0.1 at 2010-03-26 09:53:01) [GET]
  Parameters: {"url"=>"/", "action"=>"show_page", "controller"=>"site"}
Completed in 223ms (DB: 10) | 200 [http://di.local/]


Processing SiteController#show_page (for 127.0.0.1 at 2010-03-26 09:53:02) [GET]
  Parameters: {"url"=>["styles.css"], "action"=>"show_page", "controller"=>"site"}
Completed in 35ms (DB: 4) | 200 [http://di.local/styles.css]


Processing Admin::WelcomeController#index (for 127.0.0.1 at 2010-03-26 09:53:08) [GET]
  Parameters: {"action"=>"index", "controller"=>"admin/welcome"}
Redirected to http://di.local/admin/pages
Completed in 4ms (DB: 0) | 302 Found [http://di.local/admin]


Processing Admin::PagesController#index (for 127.0.0.1 at 2010-03-26 09:53:08) [GET]
  Parameters: {"action"=>"index", "controller"=>"admin/pages"}
Redirected to http://di.local/admin/login
Filter chain halted as [:authenticate] rendered_or_redirected.
Completed in 1ms (DB: 0) | 302 Found [http://di.local/admin/pages]


Processing Admin::WelcomeController#login (for 127.0.0.1 at 2010-03-26 09:53:08) [GET]
  Parameters: {"action"=>"login", "controller"=>"admin/welcome"}
Rendering template within layouts/application
Rendering admin/welcome/login
Completed in 23ms (View: 20, DB: 2) | 200 OK [http://di.local/admin/login]


Processing Admin::WelcomeController#login (for 127.0.0.1 at 2010-03-26 09:53:17) [POST]
  Parameters: {"action"=>"login", "authenticity_token"=>"VmfkLD62YERSsPiffDuNENuiWosqSPc4wEP9Chc94GU=", "controller"=>"admin/welcome", "user"=>{"password"=>"[FILTERED]", "login"=>"admin"}}
Redirected to http://di.local/admin/pages
Completed in 4ms (DB: 1) | 302 Found [http://di.local/admin/login]


Processing Admin::PagesController#index (for 127.0.0.1 at 2010-03-26 09:53:17) [GET]
  Parameters: {"action"=>"index", "controller"=>"admin/pages"}
Rendering template within layouts/application
Rendering admin/pages/index
Completed in 160ms (View: 147, DB: 7) | 200 OK [http://di.local/admin/pages]


Processing Admin::SnippetsController#index (for 127.0.0.1 at 2010-03-26 09:53:21) [GET]
  Parameters: {"action"=>"index", "controller"=>"admin/snippets"}
Rendering template within layouts/application
Rendering admin/snippets/index
Completed in 20ms (View: 11, DB: 3) | 200 OK [http://di.local/admin/snippets]


Processing Admin::PagesController#index (for 127.0.0.1 at 2010-03-26 09:53:22) [GET]
  Parameters: {"action"=>"index", "controller"=>"admin/pages"}
Rendering template within layouts/application
Rendering admin/pages/index
Completed in 116ms (View: 104, DB: 8) | 200 OK [http://di.local/admin/pages]


Processing Admin::SnippetsController#index (for 127.0.0.1 at 2010-03-26 09:53:25) [GET]
  Parameters: {"action"=>"index", "controller"=>"admin/snippets"}
Rendering template within layouts/application
Rendering admin/snippets/index
Completed in 17ms (View: 9, DB: 4) | 200 OK [http://di.local/admin/snippets]


Processing Admin::PagesController#index (for 127.0.0.1 at 2010-03-26 09:53:26) [GET]
  Parameters: {"action"=>"index", "controller"=>"admin/pages"}
Rendering template within layouts/application
Rendering admin/pages/index
Completed in 112ms (View: 100, DB: 8) | 200 OK [http://di.local/admin/pages]


Processing Admin::SnippetsController#index (for 127.0.0.1 at 2010-03-26 09:53:28) [GET]
  Parameters: {"action"=>"index", "controller"=>"admin/snippets"}
Rendering template within layouts/application
Rendering admin/snippets/index
Completed in 15ms (View: 9, DB: 3) | 200 OK [http://di.local/admin/snippets]


Processing SiteController#show_page (for 127.0.0.1 at 2010-03-26 09:55:51) [GET]
  Parameters: {"url"=>["articles", "2010", "03", "26", "third-post"], "action"=>"show_page", "controller"=>"site"}
Completed in 86ms (DB: 7) | 200 [http://di.local/articles/2010/03/26/third-post/]


Processing Admin::LayoutsController#index (for 127.0.0.1 at 2010-03-26 09:57:15) [GET]
  Parameters: {"action"=>"index", "controller"=>"admin/layouts"}
Rendering template within layouts/application
Rendering admin/layouts/index
Completed in 21ms (View: 14, DB: 3) | 200 OK [http://di.local/admin/layouts]


Processing Admin::LayoutsController#edit (for 127.0.0.1 at 2010-03-26 09:57:21) [GET]
  Parameters: {"action"=>"edit", "id"=>"1", "controller"=>"admin/layouts"}
Rendering template within layouts/application
Rendering admin/layouts/edit
Completed in 96ms (View: 87, DB: 3) | 200 OK [http://di.local/admin/layouts/1/edit]


Processing Admin::LayoutsController#update (for 127.0.0.1 at 2010-03-26 09:58:08) [PUT]
  Parameters: {"layout"=>{"name"=>"Normal", "content_type"=>"", "lock_version"=>"0", "content"=>"<!DOCTYPE HTML PUBLIC \"-//W3C//DTD HTML 4.01//EN\"\r\n  \"http://www.w3.org/TR/html4/strict.dtd\">\r\n<html>\r\n  <head>\r\n    <title>Dealer Ignition</title>\r\n    <link rel=\"stylesheet\" href=\"css/layout.css\" type=\"text/css\" media=\"screen\" title=\"layout\" charset=\"utf-8\">\r\n    <script src=\"javascript/jquery.min.js\" type=\"text/javascript\" charset=\"utf-8\"></script>\r\n    <script src=\"javascript/animation.js\" type=\"text/javascript\" charset=\"utf-8\"></script>\r\n    <script src=\"javascript/application.js\" type=\"text/javascript\" charset=\"utf-8\"></script>\r\n  </head>\r\n  <body>\r\n    <div class=\"main_wrapper\">\r\n      <div class=\"navigation\">\r\n        <ul>\r\n          <li class=\"home\"><a href=\"#\"><span class=\"logo\">Home</span></a></li>\r\n          <li><a href=\"file:///Users/chaslemley/Projects/di/new_site/interior.html\">Why Dealer Ignition?</a></li>\r\n          <li><a href=\"#\">Digital Platform</a></li>\r\n          <li><a href=\"#\">Customers</a></li>\r\n          <li><a href=\"#\">Resources</a></li>\r\n          <li><a href=\"#\">Blog</a></li>\r\n          <li><a href=\"#\">About</a></li>\r\n          <li><a href=\"#\">Contact</a></li>\r\n        </ul>\r\n      </div>\r\n      <div class=\"header\">\r\n        <div class=\"header_top\">\r\n          <div class=\"header_top_left\">\r\n            <a href=\"#\">Request A Demo</a>\r\n            <p>Or call us at</p>\r\n            <p class=\"phone_number\">888-344-6483</p>\r\n          </div>\r\n          <div class=\"header_top_right\">\r\n            <a href=\"#\">Login</a>\r\n            <form class=\"search\">\r\n              <input id=\"q\" value=\"Search the site\">\r\n              <input id=\"search-submit\" value=\"Search\" type=\"image\" src=\"images/search_sprite.png\" height=\"27px\" width=\"27px\">\r\n            </form>\r\n          </div>\r\n        </div>\r\n        <div class=\"header_bottom\">\r\n          <div class=\"header_animation\">\r\n            <div id=\"manufacturer\"></div>\r\n            <div id=\"store\"></div>\r\n            <div id=\"people\"></div>\r\n            <div class=\"bubble_one\"></div>\r\n            <div class=\"bubble_two\"></div>\r\n            <div class=\"arrow inactive\" id=\"left_arrow\"></div>\r\n            <div class=\"arrow active\" id=\"right_arrow\"></div>\r\n          </div>\r\n        </div>\r\n        <div class=\"header_bottom_footer\">\r\n          <a href=\"#\" class=\"blog\">Blog</a>\r\n          <p><a href=\"#\">Local Dealers Need to Be TOTALLY Google Friendly to Be Successful Online</a></p>\r\n          <div class=\"keep_in_touch\">\r\n            <a href=\"#twitter\" class=\"twitter\">twitter</a>\r\n            <a href=\"#facebook\" class=\"facebook\">facebook</a>\r\n            <a href=\"#linkedin\" class=\"linkedin\">linkedin</a>\r\n          </div>\r\n        </div>\r\n      </div>\r\n      <div class=\"content\">\r\n        <div class=\"content_main\">\r\n          <p>Dealer Ignition gets your products in front of end-users early in the purchase cycle, capturing new leads online and helping you nurture your client base. The web-based software helps you better market on search engines, email and on your own website without you needing an e-commerce guru.</p>\r\n          <p>Dealer Ignition gets your products in front of end-users early in the purchase cycle, capturing new leads online and helping you nurture your client base. The web-based software helps you better market on search engines, email and on your own website without you needing an e-commerce guru.</p>\r\n        </div>\r\n        <div class=\"content_footer\">\r\n          <ul class=\"content_footer_icons\">\r\n            <li class=\"roi icon\">\r\n              <h3>Calculate your ROI</h3>\r\n              <p>Calculate how much<br />you can save with<br />Dealer Ignition.</p>\r\n            </li>\r\n            <li class=\"white_papers icon\">\r\n              <h3>White Papers</h3>\r\n              <ul>\r\n                <li>Interesting article</li>\r\n                <li>How to find Nemo</li>\r\n                <li>Setting up adwords</li>\r\n                <li>How to send email</li>\r\n              </ul>\r\n            </li>\r\n            <li class=\"case_studies icon\">\r\n              <h3>Case Studies</h3>\r\n              <p>Click here for a list of<br />some case studies<br />you can use.</p>\r\n            </li>\r\n            <li class=\"interviews last icon\">\r\n              <h3>Interviews</h3>\r\n              <p>Watch some of our<br />interviews with<br />our clients.</p>\r\n            </li>\r\n          </ul>\r\n        </div>\r\n      </div>\r\n      <div style=\"clear:both; height:30px\"></div>\r\n\r\n    </div>\r\n    <div class=\"footer_wrapper\">\r\n      <div class=\"footer\">\r\n        <div class=\"footer_nav\">\r\n          <ul class=\"why_di\">\r\n            <li><a href=\"#\" class=\"first\">Why Dealer Ignition?</a></li>\r\n            <li><a href=\"#\">Accelerate Marketing</a></li>\r\n            <li><a href=\"#\">Drive Dealer Sales</a></li>\r\n            <li><a href=\"#\">Market Online Locally</a></li>\r\n            <li><a href=\"#\">Campaign Effectiveness</a></li>\r\n          </ul>\r\n          <ul class=\"digital_platform\">\r\n            <li><a href=\"#\" class=\"first\">Digital Platform</a></li>\r\n            <li><a href=\"#\">Promotional Ads</a></li>\r\n            <li><a href=\"#\">Email Campaigns</a></li>\r\n            <li><a href=\"#\">Search Promotions</a></li>\r\n            <li><a href=\"#\">Something Else</a></li>\r\n          </ul>\r\n          <ul class=\"customers\">\r\n            <li><a href=\"#\" class=\"first\">Customers</a></li>\r\n            <li><a href=\"#\">Accelerate Marketing</a></li>\r\n            <li><a href=\"#\">Drive Dealer Sales</a></li>\r\n            <li><a href=\"#\">Market Online Locally</a></li>\r\n            <li><a href=\"#\">Campaign Effectiveness</a></li>\r\n            <li><a href=\"#\">Another link here</a></li>\r\n          </ul>\r\n          <ul class=\"resources\">\r\n            <li><a href=\"#\" class=\"first\">Resources</a></li>\r\n            <li><a href=\"#\">ROI Calculator</a></li>\r\n            <li><a href=\"#\">White Papers</a></li>\r\n            <li><a href=\"#\">Presentations</a></li>\r\n            <li><a href=\"#\">Webinars</a></li>\r\n            <li><a href=\"#\">Interviews</a></li>\r\n          </ul>\r\n          <ul class=\"about\">\r\n            <li><a href=\"#\" class=\"first\">About</a></li>\r\n            <li><a href=\"#\">The Team</a></li>\r\n            <li><a href=\"#\">Buzz</a></li>\r\n            <li><a href=\"#\">Who we are</a></li>\r\n            <li><a href=\"#\">Contact Us</a></li>\r\n            <li><a href=\"#\">Blah</a></li>\r\n          </ul>\r\n        </div>\r\n        <div class=\"keep_in_touch\">\r\n          <p>Keep in touch</p>\r\n          <a href=\"#twitter\" class=\"twitter\">twitter</a>\r\n          <a href=\"#facebook\" class=\"facebook\">facebook</a>\r\n          <a href=\"#linkedin\" class=\"linkedin\">linkedin</a>\r\n        </div>\r\n        <div class=\"address\">\r\n          <p>All Content &copy; 2010 Dealer Ignition, LLC. 135 S. Main St. Greenville, SC 29601. USA 1-888-3-IGNITE</p>\r\n        </div>\r\n      </div>\r\n    </div>\r\n  </body>\r\n</html>"}, "commit"=>"Save Changes", "action"=>"update", "_method"=>"put", "authenticity_token"=>"VmfkLD62YERSsPiffDuNENuiWosqSPc4wEP9Chc94GU=", "id"=>"1", "controller"=>"admin/layouts"}
Redirected to http://di.local/admin/layouts
Completed in 30ms (DB: 2) | 302 Found [http://di.local/admin/layouts/1]


Processing Admin::LayoutsController#index (for 127.0.0.1 at 2010-03-26 09:58:08) [GET]
  Parameters: {"action"=>"index", "controller"=>"admin/layouts"}
Rendering template within layouts/application
Rendering admin/layouts/index
Completed in 14ms (View: 9, DB: 3) | 200 OK [http://di.local/admin/layouts]


Processing SiteController#show_page (for 127.0.0.1 at 2010-03-26 09:58:11) [GET]
  Parameters: {"url"=>"/", "action"=>"show_page", "controller"=>"site"}
Completed in 11ms (DB: 2) | 200 [http://di.local/]


Processing SiteController#show_page (for 127.0.0.1 at 2010-03-26 09:58:11) [GET]
  Parameters: {"url"=>["css", "layout.css"], "action"=>"show_page", "controller"=>"site"}
Completed in 94ms (DB: 4) | 404 [http://di.local/css/layout.css]


Processing SiteController#show_page (for 127.0.0.1 at 2010-03-26 09:58:11) [GET]
  Parameters: {"url"=>["javascript", "application.js"], "action"=>"show_page", "controller"=>"site"}
Completed in 138ms (DB: 8) | 404 [http://di.local/javascript/application.js]


Processing SiteController#show_page (for 127.0.0.1 at 2010-03-26 09:58:11) [GET]
  Parameters: {"url"=>["javascript", "jquery.min.js"], "action"=>"show_page", "controller"=>"site"}
Completed in 165ms (DB: 6) | 404 [http://di.local/javascript/jquery.min.js]


Processing SiteController#show_page (for 127.0.0.1 at 2010-03-26 09:58:12) [GET]
  Parameters: {"url"=>["javascript", "animation.js"], "action"=>"show_page", "controller"=>"site"}
Completed in 150ms (DB: 5) | 404 [http://di.local/javascript/animation.js]


Processing SiteController#show_page (for 127.0.0.1 at 2010-03-26 09:58:12) [GET]
  Parameters: {"url"=>["javascript", "animation.js"], "action"=>"show_page", "controller"=>"site"}
Completed in 338ms (DB: 6) | 404 [http://di.local/javascript/animation.js]


Processing SiteController#show_page (for 127.0.0.1 at 2010-03-26 09:58:12) [GET]
  Parameters: {"url"=>["javascript", "application.js"], "action"=>"show_page", "controller"=>"site"}
Completed in 27ms (DB: 4) | 404 [http://di.local/javascript/application.js]


Processing SiteController#show_page (for 127.0.0.1 at 2010-03-26 09:58:19) [GET]
  Parameters: {"url"=>["css", "layout.css"], "action"=>"show_page", "controller"=>"site"}
Completed in 47ms (DB: 10) | 404 [http://di.local/css/layout.css]


Processing SiteController#show_page (for 127.0.0.1 at 2010-03-26 09:58:19) [GET]
  Parameters: {"url"=>["javascript", "application.js"], "action"=>"show_page", "controller"=>"site"}
Completed in 60ms (DB: 4) | 404 [http://di.local/javascript/application.js]


Processing SiteController#show_page (for 127.0.0.1 at 2010-03-26 09:58:19) [GET]
  Parameters: {"url"=>["javascript", "jquery.min.js"], "action"=>"show_page", "controller"=>"site"}
Completed in 473ms (DB: 9) | 404 [http://di.local/javascript/jquery.min.js]


Processing SiteController#show_page (for 127.0.0.1 at 2010-03-26 09:58:19) [GET]
  Parameters: {"url"=>["javascript", "animation.js"], "action"=>"show_page", "controller"=>"site"}
Completed in 477ms (DB: 10) | 404 [http://di.local/javascript/animation.js]


Processing SiteController#show_page (for 127.0.0.1 at 2010-03-26 09:58:19) [GET]
  Parameters: {"url"=>["javascript", "application.js"], "action"=>"show_page", "controller"=>"site"}
Completed in 28ms (DB: 4) | 404 [http://di.local/javascript/application.js]


Processing SiteController#show_page (for 127.0.0.1 at 2010-03-26 09:58:56) [GET]
  Parameters: {"url"=>["css", "layout.css"], "action"=>"show_page", "controller"=>"site"}
Completed in 42ms (DB: 7) | 404 [http://di.local/css/layout.css]


Processing SiteController#show_page (for 127.0.0.1 at 2010-03-26 09:58:56) [GET]
  Parameters: {"url"=>["javascript", "jquery.min.js"], "action"=>"show_page", "controller"=>"site"}
Completed in 67ms (DB: 5) | 404 [http://di.local/javascript/jquery.min.js]


Processing SiteController#show_page (for 127.0.0.1 at 2010-03-26 09:58:56) [GET]
  Parameters: {"url"=>["javascript", "animation.js"], "action"=>"show_page", "controller"=>"site"}
Completed in 51ms (DB: 6) | 404 [http://di.local/javascript/animation.js]


Processing SiteController#show_page (for 127.0.0.1 at 2010-03-26 09:58:56) [GET]
  Parameters: {"url"=>["javascript", "application.js"], "action"=>"show_page", "controller"=>"site"}
Completed in 47ms (DB: 5) | 404 [http://di.local/javascript/application.js]


Processing Admin::LayoutsController#edit (for 127.0.0.1 at 2010-03-26 09:59:01) [GET]
  Parameters: {"action"=>"edit", "id"=>"1", "controller"=>"admin/layouts"}
Rendering template within layouts/application
Rendering admin/layouts/edit
Completed in 96ms (View: 87, DB: 3) | 200 OK [http://di.local/admin/layouts/1/edit]


Processing Admin::LayoutsController#update (for 127.0.0.1 at 2010-03-26 09:59:15) [PUT]
  Parameters: {"layout"=>{"name"=>"Normal", "content_type"=>"", "lock_version"=>"1", "content"=>"<!DOCTYPE HTML PUBLIC \"-//W3C//DTD HTML 4.01//EN\"\r\n  \"http://www.w3.org/TR/html4/strict.dtd\">\r\n<html>\r\n  <head>\r\n    <title>Dealer Ignition</title>\r\n    <link rel=\"stylesheet\" href=\"stylesheets/layout.css\" type=\"text/css\" media=\"screen\" title=\"layout\" charset=\"utf-8\">\r\n    <script src=\"javascripts/jquery.min.js\" type=\"text/javascript\" charset=\"utf-8\"></script>\r\n    <script src=\"javascripts/animation.js\" type=\"text/javascript\" charset=\"utf-8\"></script>\r\n    <script src=\"javascripts/application.js\" type=\"text/javascript\" charset=\"utf-8\"></script>\r\n  </head>\r\n  <body>\r\n    <div class=\"main_wrapper\">\r\n      <div class=\"navigation\">\r\n        <ul>\r\n          <li class=\"home\"><a href=\"#\"><span class=\"logo\">Home</span></a></li>\r\n          <li><a href=\"file:///Users/chaslemley/Projects/di/new_site/interior.html\">Why Dealer Ignition?</a></li>\r\n          <li><a href=\"#\">Digital Platform</a></li>\r\n          <li><a href=\"#\">Customers</a></li>\r\n          <li><a href=\"#\">Resources</a></li>\r\n          <li><a href=\"#\">Blog</a></li>\r\n          <li><a href=\"#\">About</a></li>\r\n          <li><a href=\"#\">Contact</a></li>\r\n        </ul>\r\n      </div>\r\n      <div class=\"header\">\r\n        <div class=\"header_top\">\r\n          <div class=\"header_top_left\">\r\n            <a href=\"#\">Request A Demo</a>\r\n            <p>Or call us at</p>\r\n            <p class=\"phone_number\">888-344-6483</p>\r\n          </div>\r\n          <div class=\"header_top_right\">\r\n            <a href=\"#\">Login</a>\r\n            <form class=\"search\">\r\n              <input id=\"q\" value=\"Search the site\">\r\n              <input id=\"search-submit\" value=\"Search\" type=\"image\" src=\"images/search_sprite.png\" height=\"27px\" width=\"27px\">\r\n            </form>\r\n          </div>\r\n        </div>\r\n        <div class=\"header_bottom\">\r\n          <div class=\"header_animation\">\r\n            <div id=\"manufacturer\"></div>\r\n            <div id=\"store\"></div>\r\n            <div id=\"people\"></div>\r\n            <div class=\"bubble_one\"></div>\r\n            <div class=\"bubble_two\"></div>\r\n            <div class=\"arrow inactive\" id=\"left_arrow\"></div>\r\n            <div class=\"arrow active\" id=\"right_arrow\"></div>\r\n          </div>\r\n        </div>\r\n        <div class=\"header_bottom_footer\">\r\n          <a href=\"#\" class=\"blog\">Blog</a>\r\n          <p><a href=\"#\">Local Dealers Need to Be TOTALLY Google Friendly to Be Successful Online</a></p>\r\n          <div class=\"keep_in_touch\">\r\n            <a href=\"#twitter\" class=\"twitter\">twitter</a>\r\n            <a href=\"#facebook\" class=\"facebook\">facebook</a>\r\n            <a href=\"#linkedin\" class=\"linkedin\">linkedin</a>\r\n          </div>\r\n        </div>\r\n      </div>\r\n      <div class=\"content\">\r\n        <div class=\"content_main\">\r\n          <p>Dealer Ignition gets your products in front of end-users early in the purchase cycle, capturing new leads online and helping you nurture your client base. The web-based software helps you better market on search engines, email and on your own website without you needing an e-commerce guru.</p>\r\n          <p>Dealer Ignition gets your products in front of end-users early in the purchase cycle, capturing new leads online and helping you nurture your client base. The web-based software helps you better market on search engines, email and on your own website without you needing an e-commerce guru.</p>\r\n        </div>\r\n        <div class=\"content_footer\">\r\n          <ul class=\"content_footer_icons\">\r\n            <li class=\"roi icon\">\r\n              <h3>Calculate your ROI</h3>\r\n              <p>Calculate how much<br />you can save with<br />Dealer Ignition.</p>\r\n            </li>\r\n            <li class=\"white_papers icon\">\r\n              <h3>White Papers</h3>\r\n              <ul>\r\n                <li>Interesting article</li>\r\n                <li>How to find Nemo</li>\r\n                <li>Setting up adwords</li>\r\n                <li>How to send email</li>\r\n              </ul>\r\n            </li>\r\n            <li class=\"case_studies icon\">\r\n              <h3>Case Studies</h3>\r\n              <p>Click here for a list of<br />some case studies<br />you can use.</p>\r\n            </li>\r\n            <li class=\"interviews last icon\">\r\n              <h3>Interviews</h3>\r\n              <p>Watch some of our<br />interviews with<br />our clients.</p>\r\n            </li>\r\n          </ul>\r\n        </div>\r\n      </div>\r\n      <div style=\"clear:both; height:30px\"></div>\r\n\r\n    </div>\r\n    <div class=\"footer_wrapper\">\r\n      <div class=\"footer\">\r\n        <div class=\"footer_nav\">\r\n          <ul class=\"why_di\">\r\n            <li><a href=\"#\" class=\"first\">Why Dealer Ignition?</a></li>\r\n            <li><a href=\"#\">Accelerate Marketing</a></li>\r\n            <li><a href=\"#\">Drive Dealer Sales</a></li>\r\n            <li><a href=\"#\">Market Online Locally</a></li>\r\n            <li><a href=\"#\">Campaign Effectiveness</a></li>\r\n          </ul>\r\n          <ul class=\"digital_platform\">\r\n            <li><a href=\"#\" class=\"first\">Digital Platform</a></li>\r\n            <li><a href=\"#\">Promotional Ads</a></li>\r\n            <li><a href=\"#\">Email Campaigns</a></li>\r\n            <li><a href=\"#\">Search Promotions</a></li>\r\n            <li><a href=\"#\">Something Else</a></li>\r\n          </ul>\r\n          <ul class=\"customers\">\r\n            <li><a href=\"#\" class=\"first\">Customers</a></li>\r\n            <li><a href=\"#\">Accelerate Marketing</a></li>\r\n            <li><a href=\"#\">Drive Dealer Sales</a></li>\r\n            <li><a href=\"#\">Market Online Locally</a></li>\r\n            <li><a href=\"#\">Campaign Effectiveness</a></li>\r\n            <li><a href=\"#\">Another link here</a></li>\r\n          </ul>\r\n          <ul class=\"resources\">\r\n            <li><a href=\"#\" class=\"first\">Resources</a></li>\r\n            <li><a href=\"#\">ROI Calculator</a></li>\r\n            <li><a href=\"#\">White Papers</a></li>\r\n            <li><a href=\"#\">Presentations</a></li>\r\n            <li><a href=\"#\">Webinars</a></li>\r\n            <li><a href=\"#\">Interviews</a></li>\r\n          </ul>\r\n          <ul class=\"about\">\r\n            <li><a href=\"#\" class=\"first\">About</a></li>\r\n            <li><a href=\"#\">The Team</a></li>\r\n            <li><a href=\"#\">Buzz</a></li>\r\n            <li><a href=\"#\">Who we are</a></li>\r\n            <li><a href=\"#\">Contact Us</a></li>\r\n            <li><a href=\"#\">Blah</a></li>\r\n          </ul>\r\n        </div>\r\n        <div class=\"keep_in_touch\">\r\n          <p>Keep in touch</p>\r\n          <a href=\"#twitter\" class=\"twitter\">twitter</a>\r\n          <a href=\"#facebook\" class=\"facebook\">facebook</a>\r\n          <a href=\"#linkedin\" class=\"linkedin\">linkedin</a>\r\n        </div>\r\n        <div class=\"address\">\r\n          <p>All Content &copy; 2010 Dealer Ignition, LLC. 135 S. Main St. Greenville, SC 29601. USA 1-888-3-IGNITE</p>\r\n        </div>\r\n      </div>\r\n    </div>\r\n  </body>\r\n</html>"}, "commit"=>"Save Changes", "action"=>"update", "_method"=>"put", "authenticity_token"=>"VmfkLD62YERSsPiffDuNENuiWosqSPc4wEP9Chc94GU=", "id"=>"1", "controller"=>"admin/layouts"}
Redirected to http://di.local/admin/layouts
Completed in 24ms (DB: 3) | 302 Found [http://di.local/admin/layouts/1]


Processing Admin::LayoutsController#index (for 127.0.0.1 at 2010-03-26 09:59:15) [GET]
  Parameters: {"action"=>"index", "controller"=>"admin/layouts"}
Rendering template within layouts/application
Rendering admin/layouts/index
Completed in 15ms (View: 9, DB: 3) | 200 OK [http://di.local/admin/layouts]


Processing SiteController#show_page (for 127.0.0.1 at 2010-03-26 09:59:17) [GET]
  Parameters: {"url"=>"/", "action"=>"show_page", "controller"=>"site"}
Completed in 11ms (DB: 2) | 200 [http://di.local/]
